<?xml version="1.0" encoding="UTF-8"?>
<!-- Generated by org.testng.reporters.JUnitReportReporter -->
<testsuite hostname="EC2AMAZ-S11DBRH" failures="0" tests="2" name="testNGtestscripts.SampleFour" time="0.003" errors="0" timestamp="2023-07-18T06:52:35 GMT" skipped="0">
  <testcase classname="testNGtestscripts.SampleFour" name="testThree" time="0.002"/>
  <system-out/>
  <testcase classname="testNGtestscripts.SampleFour" name="testFour" time="0.001"/>
  <system-out/>
</testsuite> <!-- testNGtestscripts.SampleFour -->
