<?xml version="1.0" encoding="UTF-8"?>
<!-- Generated by org.testng.reporters.JUnitReportReporter -->
<testsuite hostname="EC2AMAZ-S11DBRH" failures="0" tests="2" name="testNGtestscripts.SampleTest" time="0.013" errors="0" timestamp="2023-07-18T06:52:35 GMT" skipped="0">
  <testcase classname="testNGtestscripts.SampleTest" name="testFour" time="0.011"/>
  <system-out/>
  <testcase classname="testNGtestscripts.SampleTest" name="testThree" time="0.002"/>
  <system-out/>
</testsuite> <!-- testNGtestscripts.SampleTest -->
